Semente: 1
Algoritmo construtivo: aleatorio
Encontrada solucao inicial...
[20, 31, 53, 91, 140, 149, 150, 169, 175, 204, 212, 216, 228, 235, 247, 277, 287, 289, 477, 478, 502, 515, 534, 555, 560, 566, 598, 609, 643, 661, 678, 696, 744, 773, 809, 817, 854, 898, 915, 936, 976, 988, 994, 1024, 1051, 1071, 1086, 1090, 1100, 1150, 1178, 1218, 1227, 1258, 1278, 1314, 1396, 1468, 1493, 1526, 1590, 1620, 1745, 1780, 1801, 1803, 1815, 1821, 1826, 1863, 1881, 1895, 1903, 1964, 2019, 2046, 2057, 2130, 2164, 2167, 2171, 2233, 2245, 2257, 2275, 2284, 2308, 2317, 2335, 2345, 2393, 2400, 2403, 2429, 2451, 2464, 2526, 2564, 2579, 2585, 2590, 2602, 2620, 2650, 2682, 2690, 2691, 2753, 2764, 2774, 2803, 2810, 2852, 2882, 2885, 2974, 2992, 3043, 3092, 3113, 3179, 3222, 3237, 3261, 3278, 3364, 3410, 3415, 3481, 3510, 3572, 3660, 3682, 3736, 3772, 3847, 3907, 3917, 3930, 3942, 3949, 3984, 4093, 4106, 4185, 4200, 4227, 4256, 4258, 4304, 4308, 4309, 4393, 4414, 4439, 4443, 4465, 4491, 4555] 83325.0
5.436001777648926 76340.0
7.412004709243774 75487.0
11.491002082824707 72638.0
41.708001136779785 69819.0
146.7750005722046 68614.0
923.0280025005341 67460.0
4166.278001070023 67306.0
8150.889001369476 66577.0
8596.634001255035 65546.0
15688.874001979828 65271.0
21465.290001630783 64993.0
21664.43000102043 64829.0
21967.459001779556 64187.0
22499.827001333237 63550.0
22804.53600168228 63239.0
25270.475001096725 63185.0
25637.294001579285 62516.0
25992.40400147438 62340.0
Melhores parâmetros: rho1=0.4, rho2=1.5222222222222221
Levou 28287.748000860214
Solução valida: True
({512, 1034, 2570, 3092, 533, 535, 34, 3111, 558, 2610, 1075, 3643, 1086, 2624, 4162, 2628, 1093, 2631, 73, 2131, 599, 93, 1630, 4089, 3170, 2660, 4203, 1137, 3718, 3208, 137, 650, 142, 1167, 2704, 1169, 147, 4245, 152, 2716, 2206, 166, 2726, 680, 2735, 176, 2741, 1721, 2757, 2248, 2762, 1228, 1745, 1235, 729, 218, 2777, 3809, 226, 738, 230, 2801, 1780, 759, 2808, 1276, 3331, 263, 1802, 2830, 1295, 2840, 282, 285, 1315, 3875, 2862, 310, 2358, 1850, 3389, 3392, 1862, 844, 2893, 2382, 852, 1366, 2390, 3930, 4444, 3423, 1889, 1379, 2405, 4461, 1905, 1402, 894, 2943, 2436, 1933, 2960, 1938, 915, 2980, 938, 1972, 2484, 3518, 1986, 968, 1482, 3540, 3038, 2529, 994, 2023, 2535, 2538, 1517, 1017, 3066, 2555, 1534, 2047}, 62340.0)
