Semente: 1
Algoritmo construtivo: aleatorio
Encontrada solucao inicial...
[398, 472, 505, 587, 656, 701, 854, 913, 1007, 1071, 1127, 1435, 1523, 1799, 2204, 2468, 2726, 3028, 3126, 3129, 3225, 3320, 3397, 3463, 3871, 3918, 3978, 4142, 4185, 4444, 4502, 4529, 4531, 4538, 4551, 4578, 4582, 4589, 4631, 4645, 4652, 4657, 4695, 4718, 4898] 21928.0
0.06100177764892578 15588.0
0.3730001449584961 14944.0
0.631000280380249 14824.0
4.664999961853027 14742.0
7.669004201889038 14485.0
7.762000322341919 14479.0
33.11100101470947 14477.0
49.7810001373291 14331.0
121.22100019454956 14160.0
133.05800032615662 14147.0
190.4070017337799 14010.0
223.4600007534027 13835.0
Melhores parâmetros: rho1=0.7000000000000001, rho2=1.5222222222222221
Levou 402.01487159729004
Solução valida: True
({1152, 388, 4869, 646, 4104, 1164, 2444, 4881, 4882, 3990, 1688, 4634, 4764, 4901, 4653, 4790, 4919, 2245, 4551, 4936, 4937, 4683, 4694, 4696, 4444, 4964, 4839, 4969, 4210, 1267, 4858, 4862}, 13835.0)
