Semente: 2
Algoritmo construtivo: aleatorio
Encontrada solucao inicial...
[0, 63, 87, 137, 150, 168, 204, 205, 242, 243, 246, 248, 249, 303, 344, 345, 356, 360, 376, 516] 10707.0
0.1569991111755371 9860.0
1.7539982795715332 9774.0
28.43419647216797 9366.0
63.710848569869995 9342.0
73.47287225723267 9315.0
74.5018744468689 9102.0
187.66473388671875 8869.0
242.82550024986267 8788.0
253.6464967727661 8782.0
277.43449687957764 8766.0
288.1874966621399 8747.0
306.60449957847595 8230.0
428.1034972667694 8227.0
436.2254972457886 8201.0
Melhores parâmetros: rho1=0.3, rho2=1.1
Levou 453.33149886131287
Solução valida: True
({1, 2, 323, 37, 456, 169, 330, 75, 142, 208, 240, 241, 309, 249, 250, 347}, 8201.0)
