Semente: 3
Algoritmo construtivo: aleatorio
Encontrada solucao inicial...
[5, 77, 84, 85, 113, 136, 151, 161, 182, 195, 204, 237, 241, 262, 291, 313, 380, 404, 422, 445, 500, 516, 523, 532, 545, 567, 601, 623, 650, 680, 702, 735, 757, 775, 813, 835, 854, 888, 901, 936, 948, 991, 1022, 1049, 1069, 1078, 1081, 1119, 1134, 1177, 1234, 1247, 1277, 1286, 1309, 1353, 1375, 1405, 1415, 1475, 1490, 1521, 1547, 1595, 1678, 1722, 1748, 1779, 1801, 1812, 1816, 1823, 1868, 1899, 1940, 1992, 1999, 2088, 2090, 2098, 2123, 2135, 2204, 2232, 2325, 2357, 2365, 2404, 2429, 2441, 2469, 2553, 2626, 2640, 2651, 2652, 2662, 2707, 2726, 2729, 2799, 2801, 2822, 2857, 2877, 2879, 2941, 2985, 2988, 3028, 3095, 3102, 3121, 3142, 3186, 3197, 3244, 3247, 3299, 3344, 3365, 3404, 3422, 3460, 3500, 3511, 3513, 3553, 3577, 3583, 3593, 3600, 3604, 3661, 3679, 3743, 3747, 3772, 3775, 3832, 3845, 3874, 3930, 3941, 3947, 3963, 3969, 3991, 4093, 4138, 4182, 4184, 4257, 4265, 4280, 4357, 4432, 4451, 4457, 4509, 4519] 85067.0
4.331070899963379 75430.0
5.618069887161255 69663.0
121.20407056808472 69132.0
416.6260714530945 68609.0
620.2880718708038 67891.0
1207.1320700645447 67578.0
4915.863070964813 66194.0
14570.143071651459 64585.0
18635.209070682526 64264.0
20130.03407216072 64209.0
22943.83207011223 64010.0
22949.46607017517 63944.0
24885.303071260452 63512.0
24929.53707051277 63057.0
26666.7670712471 62995.0
26761.408071041107 62797.0
27438.53607225418 62615.0
27640.343071222305 62378.0
27745.858073711395 62239.0
27747.36006975174 61600.0
Melhores parâmetros: rho1=0.20000000000000007, rho2=2.7888888888888888
Levou 28372.470069885254
Solução valida: True
({515, 525, 1554, 533, 3099, 2588, 548, 3111, 2089, 51, 1075, 58, 1082, 579, 1095, 2631, 1610, 602, 1626, 2651, 93, 2652, 607, 4201, 631, 3705, 1153, 642, 133, 3718, 648, 140, 142, 1169, 152, 2716, 162, 2728, 172, 685, 2733, 2734, 4272, 2741, 1718, 1721, 2233, 3770, 3776, 2246, 3273, 2763, 1228, 212, 728, 218, 3293, 3809, 2274, 231, 1772, 1262, 2801, 754, 248, 1785, 1275, 763, 1792, 3331, 3334, 265, 1802, 779, 2827, 1298, 1815, 3353, 292, 3876, 3367, 1324, 2862, 306, 3389, 2883, 3395, 329, 842, 4427, 1869, 2893, 2383, 2386, 4440, 4444, 3934, 3423, 1377, 2405, 4455, 1896, 1393, 889, 2429, 895, 3455, 3459, 915, 2966, 2970, 2464, 938, 1966, 2483, 2999, 968, 1481, 989, 2019, 489, 2538, 1013, 1020, 2047}, 61600.0)
