Semente: 2
Algoritmo construtivo: F
Encontrada solucao inicial...
[0, 28, 55, 87, 164, 194, 196, 205, 241, 245, 248, 249, 261, 331, 344, 346, 349, 353, 428, 493] 10596.0
0.17999839782714844 10249.0
0.4480001926422119 10143.0
0.7700197696685791 9778.0
4.105000019073486 9774.0
33.892348289489746 9366.0
72.19008994102478 9230.0
175.2633638381958 9210.0
179.7983648777008 9141.0
181.0263693332672 8869.0
235.8545536994934 8835.0
273.9940357208252 8809.0
303.8700361251831 8702.0
341.1800346374512 8701.0
342.85403537750244 8247.0
404.41109561920166 8235.0
427.34509801864624 8201.0
Melhores parâmetros: rho1=0.5, rho2=2.155555555555556
Levou 559.1034052371979
Solução valida: True
({1, 2, 323, 345, 488, 75, 208, 240, 241, 304, 337, 149, 249, 250, 347, 127}, 8201.0)
