Semente: 4
Algoritmo construtivo: F
Encontrada solucao inicial...
[161, 240, 355, 465, 1043, 1134, 1301, 1445, 1623, 1917, 2032, 2150, 2199, 2259, 2434, 2524, 2785, 3331, 3337, 3452, 3655, 3831, 4099, 4699, 4805, 4898, 4974, 4987, 4989, 5029, 5030, 5043, 5070, 5088, 5114, 5148, 5234, 5243, 5251, 5276, 5292, 5344, 5504] 20652.0
0.0969998836517334 15164.0
0.5819969177246094 15017.0
0.8489985466003418 15005.0
1.2389979362487793 14633.0
95.74299716949463 14333.0
132.97599744796753 14332.0
236.50099754333496 14318.0
285.54500007629395 14243.0
287.0149974822998 14242.0
288.15999841690063 14229.0
297.3059973716736 14006.0
298.2699975967407 13993.0
Melhores parâmetros: rho1=0.6, rho2=2.155555555555556
Levou 453.4670000076294
Solução valida: True
({5005, 5134, 5389, 5522, 5399, 5409, 424, 5426, 5427, 564, 2998, 4024, 5049, 958, 5449, 3663, 5071, 5459, 5076, 5460, 5081, 2399, 5093, 5477, 2791, 5481, 5482, 5483, 5484, 5230, 4979, 5500, 5503}, 13993.0)
