Semente: 3
Algoritmo construtivo: aleatorio
Encontrada solucao inicial...
[79, 277, 390, 646, 685, 1133, 1157, 1348, 1531, 1740, 1894, 2370, 2629, 2710, 2761, 3078, 3291, 3458, 3541, 3570, 3602, 3620, 3695, 4112, 4150, 4217, 4247, 4456, 4550, 4564, 4623, 4633, 4656, 4677, 4686, 4695, 4764, 4831, 4842, 4848, 4918] 19827.0
0.06400060653686523 15388.0
0.26799988746643066 15329.0
0.4399998188018799 14881.0
4.850795745849609 14789.0
6.547794818878174 14583.0
8.687806606292725 14536.0
28.951632022857666 14342.0
149.83790707588196 14157.0
221.99290919303894 14129.0
223.1329061985016 14058.0
322.91790676116943 14044.0
340.5389094352722 13936.0
Melhores parâmetros: rho1=0.4, rho2=1.1
Levou 391.62790608406067
Solução valida: True
({386, 644, 1168, 4881, 4882, 4990, 4628, 279, 4634, 4764, 4643, 4650, 2222, 2739, 4790, 4919, 4920, 4551, 4936, 4937, 4562, 4696, 4190, 3295, 4452, 4965, 4839, 4969, 4210, 116, 2294, 4862}, 13936.0)
