Semente: 5
Algoritmo construtivo: aleatorio
Encontrada solucao inicial...
[41, 139, 195, 307, 367, 767, 993, 1349, 1573, 1603, 1678, 2134, 2182, 2482, 2570, 2770, 2797, 2874, 3444, 3531, 3569, 4167, 4213, 4477, 4511, 4535, 4762, 4961, 4993, 5008, 5011, 5044, 5069, 5074, 5095, 5111, 5114, 5141, 5217, 5229, 5263, 5266, 5340, 5344, 5423] 21779.0
0.06499910354614258 15402.0
0.13299965858459473 14744.0
3.1329989433288574 14604.0
25.05799913406372 14586.0
83.66300082206726 14397.0
83.8500006198883 14324.0
148.56499886512756 14297.0
163.56899881362915 14292.0
183.0839991569519 14218.0
276.40300273895264 14010.0
357.98599886894226 13945.0
358.5939989089966 13908.0
Melhores parâmetros: rho1=0.4, rho2=1.1
Levou 404.6912786960602
Solução valida: True
({1155, 777, 5516, 5389, 1166, 1551, 5522, 5399, 2073, 5147, 5408, 5409, 5503, 5426, 5427, 564, 3000, 5050, 5054, 5448, 5449, 5071, 5074, 5460, 5081, 5477, 5097, 5481, 5482, 4979, 5369, 4990, 1535}, 13908.0)
