Semente: 4
Algoritmo construtivo: F
Encontrada solucao inicial...
[2, 17, 27, 118, 132, 174, 194, 217, 222, 226, 227, 238, 241, 254, 267, 277, 290, 301, 411, 511, 529, 598, 641, 642, 654, 683, 701, 753, 775, 832, 893, 910, 951, 964, 978, 1006, 1029, 1040, 1075, 1084, 1091, 1110, 1175, 1230, 1252, 1282, 1299, 1325, 1365, 1378, 1386, 1457, 1482, 1507, 1541, 1603, 1620, 1694, 1721, 1772, 1785, 1816, 1826, 1863, 1895, 1904, 1921, 1925, 1933, 1941, 1954, 1965, 2020, 2023, 2046, 2057, 2088, 2119, 2124, 2218, 2232, 2245, 2359, 2391, 2440, 2442, 2503, 2553, 2595, 2625, 2694, 2727, 2740, 2744, 2752, 2756, 2864, 2869, 2892, 2901, 2960, 2971, 3020, 3094, 3101, 3112, 3147, 3175, 3181, 3263, 3328, 3335, 3346, 3358, 3363, 3365, 3384, 3438, 3477, 3556, 3640, 3658, 3708, 3711, 3733, 3746, 3749, 3764, 3779, 3814, 3833, 3889, 3932, 3943, 3962, 3964, 3981, 4002, 4099, 4127, 4132, 4176, 4192, 4211, 4231, 4250, 4297, 4305, 4388, 4407, 4424, 4431, 4435, 4436, 4467, 4476, 4477, 4504, 4509, 4563] 84035.0
7.38200044631958 75836.0
9.445000171661377 73952.0
11.852999448776245 73388.0
26.547000646591187 71781.0
69.8600013256073 70519.0
186.47800040245056 68510.0
2706.8089990615845 68308.0
2904.3629987239838 67996.0
4845.597998142242 67015.0
6617.106999874115 66468.0
6955.692999362946 65950.0
13071.121001005173 65579.0
13071.543999433517 65305.0
14218.927000284195 64496.0
14466.07499909401 64292.0
21493.713998556137 63929.0
21972.224999427795 63773.0
24434.07699894905 63532.0
25150.55499958992 63431.0
25638.985000133514 63024.0
25656.52799987793 62800.0
26209.854999542236 62775.0
26612.532998800278 62772.0
26627.32899904251 62537.0
26710.2309987545 62123.0
27706.4099984169 62030.0
27706.50199842453 61973.0
27937.84799861908 61780.0
Melhores parâmetros: rho1=0.20000000000000007, rho2=2.155555555555556
Levou 28258.850998163223
Solução valida: True
({512, 2561, 523, 533, 3105, 34, 3620, 549, 1575, 2087, 2601, 3112, 558, 3131, 2624, 2626, 2631, 1099, 78, 599, 2648, 1626, 94, 607, 2147, 4197, 4207, 3705, 133, 3718, 647, 1160, 2701, 142, 1167, 2195, 2708, 2199, 152, 668, 1185, 1189, 166, 2730, 685, 2733, 1714, 2739, 182, 1722, 3261, 2245, 3272, 2762, 1741, 2767, 1233, 722, 1235, 2776, 218, 226, 738, 228, 233, 1258, 753, 759, 2808, 1785, 1273, 763, 2815, 265, 1802, 2827, 3857, 1299, 278, 1815, 3875, 1322, 1834, 310, 2871, 3388, 1866, 3402, 1365, 345, 3931, 2396, 4444, 3423, 1379, 3429, 1393, 2428, 893, 3455, 3972, 903, 2954, 2448, 915, 3988, 1431, 4503, 410, 2458, 3494, 2985, 938, 427, 939, 2484, 966, 1483, 2000, 978, 3552, 2529, 2538, 1014, 4093, 1535}, 61780.0)
