Semente: 5
Algoritmo construtivo: aleatorio
Encontrada solucao inicial...
[8, 68, 91, 134, 135, 153, 174, 176, 185, 228, 235, 236, 252, 299, 320, 356, 413, 475, 502, 510, 519, 532, 543, 558, 595, 601, 604, 646, 649, 684, 730, 744, 800, 842, 853, 902, 912, 916, 920, 960, 968, 1002, 1019, 1082, 1088, 1110, 1176, 1234, 1244, 1299, 1303, 1350, 1362, 1392, 1408, 1413, 1468, 1478, 1596, 1627, 1653, 1678, 1723, 1744, 1782, 1792, 1801, 1802, 1815, 1822, 1855, 1858, 1894, 1996, 1999, 2015, 2025, 2040, 2053, 2090, 2092, 2111, 2128, 2152, 2192, 2230, 2233, 2253, 2275, 2290, 2314, 2330, 2408, 2442, 2551, 2602, 2620, 2632, 2648, 2660, 2698, 2744, 2747, 2752, 2759, 2764, 2765, 2774, 2801, 2807, 2936, 2964, 2968, 2973, 2992, 3099, 3110, 3179, 3243, 3254, 3267, 3268, 3278, 3318, 3383, 3410, 3460, 3479, 3489, 3503, 3554, 3562, 3611, 3616, 3650, 3747, 3749, 3772, 3867, 3911, 3944, 3945, 3962, 3981, 4010, 4014, 4064, 4094, 4131, 4154, 4181, 4183, 4202, 4223, 4244, 4305, 4312, 4473, 4477, 4480, 4505, 4540, 4549, 4568] 87296.0
1.6520020961761475 76777.0
3.6750004291534424 74903.0
4.488999605178833 72801.0
5.3860023021698 71533.0
8.185003280639648 71218.0
13.389003276824951 70864.0
18.030000686645508 68499.0
975.4480020999908 68490.0
1581.4080016613007 68084.0
1599.358001947403 67536.0
2255.097002506256 67242.0
3572.8990018367767 67096.0
4196.594002246857 65073.0
4226.927817106247 64586.0
7735.909421443939 64427.0
7934.787431716919 64423.0
8085.06441950798 64396.0
9104.109567165375 63754.0
9148.58056139946 63483.0
9166.74556851387 63087.0
9568.712332963943 63025.0
9602.54432439804 62950.0
9611.412281036377 62732.0
10671.816546440125 62340.0
11396.671459197998 61703.0
11401.735460996628 61332.0
11401.940459251404 61319.0
Melhores parâmetros: rho1=0.20000000000000007, rho2=3.0
Levou 11672.5964615345
Solução valida: True
({512, 2563, 1033, 2057, 20, 533, 3105, 558, 51, 1077, 1084, 1091, 2631, 1096, 3153, 599, 93, 2144, 612, 3684, 1137, 2689, 1154, 131, 3715, 133, 3718, 647, 139, 142, 1167, 3220, 1175, 668, 2716, 162, 4258, 166, 2728, 685, 2733, 1714, 3255, 1725, 3773, 3263, 2246, 2763, 3788, 2767, 3283, 212, 2776, 729, 218, 2785, 3809, 228, 1768, 1258, 1776, 2803, 759, 248, 1275, 1788, 1284, 1802, 2827, 1805, 3857, 277, 791, 4376, 2331, 285, 1309, 3361, 3367, 3884, 302, 1842, 826, 3388, 3394, 1864, 2889, 2386, 1363, 1364, 854, 4439, 2396, 4444, 3934, 3423, 1377, 1896, 2409, 2924, 888, 1404, 2431, 895, 3458, 3461, 2954, 913, 1938, 915, 4503, 410, 934, 3494, 442, 1482, 977, 4061, 2529, 2538, 1011, 2552, 4093, 1534, 2047}, 61319.0)
