Semente: 2
Algoritmo construtivo: F
Encontrada solucao inicial...
[92, 161, 460, 791, 964, 1137, 1323, 1460, 1531, 1554, 1833, 2165, 2384, 2532, 2816, 3529, 3548, 3568, 3609, 3630, 3745, 4105, 4409, 4538, 4646, 4750, 4807, 4894, 4988, 5001, 5007, 5055, 5060, 5070, 5075, 5085, 5090, 5102, 5146, 5246, 5291] 19229.0
0.09199905395507812 15023.0
1.1120245456695557 14781.0
6.424998760223389 14633.0
16.332998514175415 14604.0
100.95400381088257 14582.0
147.34296321868896 14412.0
151.0589656829834 14397.0
151.2539677619934 14356.0
154.00496435165405 14301.0
215.31396317481995 14269.0
245.57297611236572 14192.0
424.2280192375183 13926.0
Melhores parâmetros: rho1=0.6, rho2=1.3111111111111113
Levou 634.1103553771973
Solução valida: True
({1155, 3847, 5389, 5134, 5522, 5399, 2587, 5408, 5409, 5502, 423, 2993, 5427, 184, 5050, 3655, 5448, 5449, 5323, 5071, 5074, 5459, 5460, 2789, 5093, 5477, 5481, 5483, 5484, 4979, 5368, 4990, 5503}, 13926.0)
