Semente: 1
Algoritmo construtivo: F
Encontrada solucao inicial...
[0, 1, 7, 17, 31, 128, 136, 203, 207, 229, 241, 242, 246, 248, 249, 262, 311, 315, 346, 363, 417, 512] 11429.0
0.10999870300292969 11102.0
0.14100098609924316 10300.0
0.4779984951019287 10288.0
0.7470002174377441 10150.0
0.8729991912841797 9786.0
2.7709996700286865 9366.0
124.11484956741333 8607.0
360.43298530578613 8330.0
576.9888951778412 8327.0
598.8208937644958 8187.0
609.4568939208984 8167.0
622.4508929252625 8142.0
Melhores parâmetros: rho1=0.3, rho2=2.577777777777778
Levou 664.5705146789551
Solução valida: True
({1, 2, 323, 324, 345, 488, 75, 303, 208, 240, 146, 241, 338, 249, 250, 126}, 8142.0)
