Semente: 3
Algoritmo construtivo: F
Encontrada solucao inicial...
[167, 316, 388, 581, 652, 705, 880, 913, 1018, 1346, 1388, 1520, 1794, 1852, 1987, 2059, 2550, 2693, 2726, 3004, 3039, 3242, 3271, 3293, 3667, 4073, 4281, 4399, 4420, 4526, 4583, 4612, 4615, 4616, 4629, 4633, 4644, 4651, 4657, 4659, 4750, 4806, 4918] 20839.0
0.07497978210449219 15470.0
0.31098008155822754 15235.0
1.6039836406707764 15073.0
2.916980743408203 14838.0
4.516980886459351 14830.0
10.54398250579834 14737.0
36.74704837799072 14638.0
90.82107329368591 14583.0
97.7030725479126 14518.0
107.39307522773743 14493.0
124.35607528686523 14427.0
139.46407628059387 14336.0
207.55407643318176 14255.0
352.38908290863037 14227.0
355.22307562828064 13976.0
431.3362364768982 13965.0
431.4462366104126 13959.0
431.6102364063263 13911.0
451.0522446632385 13797.0
Melhores parâmetros: rho1=0.5, rho2=1.5222222222222221
Levou 570.3962388038635
Solução valida: True
({1153, 388, 4869, 648, 1164, 3981, 4881, 4882, 4629, 4503, 1688, 4634, 4901, 2601, 4654, 2487, 4919, 2245, 4551, 4936, 4686, 4695, 3677, 4575, 4964, 4965, 4839, 4969, 4210, 4983, 4858, 4862}, 13797.0)
