Semente: 3
Algoritmo construtivo: F
Encontrada solucao inicial...
[0, 36, 56, 61, 75, 169, 203, 207, 240, 245, 248, 249, 260, 317, 330, 353, 360, 364, 399, 405, 535] 10839.0
0.09598517417907715 10228.0
0.7109861373901367 9855.0
0.9939844608306885 9820.0
3.072003126144409 9724.0
40.34001111984253 9698.0
81.7270119190216 9627.0
84.98201036453247 9315.0
91.91001057624817 9311.0
98.92101073265076 9247.0
112.21301174163818 9222.0
164.59501242637634 9210.0
225.61501121520996 8869.0
297.3710117340088 8782.0
377.6981761455536 8668.0
385.6051766872406 8664.0
439.71817445755005 8407.0
447.37217712402344 8382.0
452.13317489624023 8299.0
469.0721733570099 8266.0
497.4241781234741 8233.0
533.1711750030518 8214.0
538.5051753520966 8197.0
550.1441750526428 8142.0
Melhores parâmetros: rho1=0.3, rho2=2.155555555555556
Levou 591.9391598701477
Solução valida: True
({1, 2, 323, 324, 345, 488, 75, 303, 208, 240, 146, 241, 338, 249, 250, 126}, 8142.0)
