Semente: 2
Algoritmo construtivo: F
Encontrada solucao inicial...
[30, 75, 77, 114, 132, 172, 175, 177, 186, 203, 222, 235, 244, 262, 269, 288, 293, 318, 491, 512, 516, 526, 534, 548, 568, 596, 599, 610, 651, 680, 691, 731, 753, 769, 794, 843, 862, 907, 937, 956, 988, 1001, 1019, 1052, 1065, 1104, 1111, 1129, 1157, 1170, 1216, 1227, 1234, 1257, 1274, 1287, 1308, 1339, 1392, 1435, 1471, 1538, 1592, 1617, 1728, 1755, 1781, 1796, 1801, 1814, 1822, 1839, 1868, 1894, 1928, 1944, 1977, 1990, 1999, 2025, 2040, 2090, 2092, 2118, 2135, 2140, 2197, 2212, 2232, 2256, 2267, 2275, 2335, 2418, 2472, 2484, 2491, 2516, 2550, 2572, 2607, 2625, 2643, 2685, 2694, 2707, 2732, 2772, 2825, 2835, 2847, 2862, 2919, 2983, 3077, 3083, 3085, 3092, 3101, 3112, 3185, 3234, 3254, 3259, 3264, 3356, 3357, 3408, 3414, 3460, 3505, 3530, 3531, 3543, 3579, 3604, 3625, 3686, 3746, 3751, 3755, 3778, 3809, 3842, 3874, 3907, 3943, 3945, 3977, 3983, 4092, 4127, 4132, 4192, 4254, 4261, 4273, 4297, 4339, 4370, 4401, 4444, 4467, 4495, 4502] 86513.0
1.9259977340698242 74457.0
9.293996095657349 71742.0
28.145997047424316 70866.0
181.53399562835693 70673.0
242.61399745941162 69353.0
1099.7019958496094 68385.0
1371.919998407364 68256.0
4323.842996835709 67910.0
5954.816997289658 66795.0
7671.268997192383 66591.0
8216.282996892929 66366.0
9842.136996984482 66275.0
9907.225996255875 64735.0
15202.244997262955 63594.0
24212.394996881485 62605.0
24807.978996038437 62377.0
26134.007997751236 62218.0
28129.148997068405 62114.0
Melhores parâmetros: rho1=0.20000000000000007, rho2=2.155555555555556
Levou 28499.926994800568
Solução valida: True
({513, 2561, 4, 2575, 4112, 534, 2076, 2588, 3105, 546, 1572, 3111, 2602, 51, 1076, 565, 1084, 2625, 2626, 1091, 1093, 2630, 73, 2639, 2128, 599, 1112, 1625, 93, 2653, 607, 3180, 4205, 2677, 1144, 3707, 133, 3718, 647, 2699, 142, 1167, 2706, 1171, 4250, 155, 667, 3746, 166, 2728, 681, 1705, 2733, 182, 3266, 1733, 2248, 3272, 2762, 1229, 207, 3282, 1235, 218, 734, 1760, 226, 228, 2799, 1784, 1273, 1788, 2309, 3334, 265, 1802, 779, 1300, 277, 1815, 1820, 3358, 3875, 3366, 310, 3386, 2364, 1854, 3393, 2889, 337, 852, 4444, 3934, 351, 3423, 1377, 2405, 1895, 2409, 3433, 1393, 885, 2430, 895, 3458, 4483, 2439, 915, 921, 1441, 3494, 2483, 3511, 441, 953, 967, 1481, 2000, 2518, 3038, 994, 2538, 2547, 3063, 1020, 4093}, 62114.0)
