Semente: 5
Algoritmo construtivo: aleatorio
Encontrada solucao inicial...
[0, 5, 72, 75, 113, 125, 141, 199, 200, 222, 243, 248, 249, 252, 255, 274, 305, 311, 321, 322, 323, 330, 487] 11976.0
0.177001953125 10563.0
0.305999755859375 10143.0
1.3620038032531738 10135.0
4.855006694793701 9855.0
7.148999929428101 9843.0
9.084999084472656 9823.0
10.57699966430664 9711.0
35.54900145530701 9645.0
57.9950008392334 9514.0
58.709999322891235 9474.0
75.95600032806396 8869.0
184.21699857711792 8845.0
214.6189992427826 8823.0
219.63100266456604 8784.0
261.1170024871826 8770.0
264.72800040245056 8742.0
286.1969985961914 8717.0
301.15599966049194 8665.0
316.02800250053406 8650.0
322.7070035934448 8642.0
351.8229992389679 8414.0
355.0569999217987 8359.0
355.3829998970032 8324.0
374.358003616333 8197.0
389.39400029182434 8151.0
389.48400115966797 8142.0
Melhores parâmetros: rho1=0.3, rho2=2.3666666666666667
Levou 420.9810016155243
Solução valida: True
({1, 2, 323, 324, 345, 488, 75, 303, 208, 240, 146, 241, 338, 249, 250, 126}, 8142.0)
