Semente: 2
Algoritmo construtivo: aleatorio
Encontrada solucao inicial...
[47, 58, 197, 699, 924, 993, 1149, 1350, 1678, 1850, 1869, 2354, 2521, 2726, 2733, 2735, 2875, 3084, 3609, 3662, 3692, 4036, 4157, 4402, 4456, 4658, 4987, 5023, 5043, 5056, 5065, 5069, 5089, 5090, 5100, 5107, 5288, 5291, 5326, 5359, 5377, 5386] 20749.0
0.07599973678588867 15668.0
0.2090005874633789 15405.0
1.1195733547210693 15035.0
3.8231678009033203 14962.0
5.230167388916016 14833.0
6.479183912277222 14604.0
64.1786036491394 14528.0
87.11642932891846 14397.0
142.45136857032776 14341.0
170.4823682308197 14332.0
183.6943690776825 14315.0
209.73437023162842 14287.0
234.85636854171753 14143.0
321.2813699245453 14082.0
358.31536746025085 13990.0
382.9823706150055 13939.0
392.9343686103821 13871.0
393.20436906814575 13850.0
Melhores parâmetros: rho1=0.4, rho2=1.3111111111111113
Levou 452.9803698062897
Solução valida: True
({5389, 5134, 5522, 5399, 5147, 5409, 2993, 5426, 5427, 564, 4537, 5050, 959, 5448, 5449, 2763, 5071, 5328, 5074, 5459, 5460, 5089, 5477, 2790, 5481, 5482, 5484, 4979, 2420, 5363, 759, 4990, 5503}, 13850.0)
