Semente: 5
Algoritmo construtivo: F
Encontrada solucao inicial...
[0, 4, 75, 110, 124, 125, 177, 206, 207, 240, 248, 249, 252, 328, 344, 348, 358, 451, 470, 477] 10571.0
0.3780021667480469 10478.0
0.9930040836334229 10224.0
1.2110011577606201 10223.0
1.6760022640228271 9729.0
11.305002689361572 9711.0
38.26100206375122 9645.0
62.40700054168701 9404.0
62.55100083351135 9339.0
62.707000494003296 9282.0
68.07700276374817 8989.0
174.71600532531738 8895.0
177.63600087165833 8874.0
177.83800077438354 8869.0
208.52800130844116 8847.0
219.17000007629395 8769.0
250.25800204277039 8755.0
257.24300050735474 8337.0
356.32300090789795 8254.0
358.7650008201599 8178.0
419.56500124931335 8167.0
427.88600277900696 8166.0
429.3200008869171 8143.0
Melhores parâmetros: rho1=0.20000000000000007, rho2=2.577777777777778
Levou 441.9830026626587
Solução valida: True
({1, 2, 323, 324, 345, 488, 75, 303, 208, 145, 240, 241, 337, 249, 250, 126}, 8143.0)
