Semente: 3
Algoritmo construtivo: F
Encontrada solucao inicial...
[32, 38, 48, 69, 84, 136, 149, 166, 180, 182, 203, 208, 219, 226, 234, 267, 277, 291, 337, 415, 452, 516, 533, 544, 560, 599, 607, 633, 654, 681, 702, 725, 730, 747, 781, 855, 871, 913, 931, 977, 996, 1022, 1051, 1068, 1085, 1092, 1139, 1166, 1179, 1234, 1248, 1278, 1294, 1323, 1332, 1376, 1383, 1429, 1534, 1571, 1672, 1725, 1801, 1814, 1823, 1865, 1930, 1974, 1990, 2046, 2092, 2105, 2119, 2127, 2168, 2213, 2295, 2300, 2302, 2305, 2311, 2329, 2347, 2355, 2387, 2399, 2406, 2450, 2462, 2482, 2516, 2532, 2569, 2644, 2691, 2692, 2701, 2729, 2754, 2808, 2818, 2861, 2868, 2912, 2965, 2967, 2971, 2997, 3000, 3020, 3047, 3174, 3221, 3384, 3423, 3447, 3496, 3653, 3664, 3695, 3702, 3711, 3712, 3754, 3765, 3783, 3803, 3839, 3857, 3866, 3878, 3914, 3932, 3941, 3978, 3990, 4085, 4095, 4127, 4162, 4176, 4182, 4210, 4241, 4314, 4374, 4381, 4412, 4438, 4441, 4443, 4445, 4471, 4509, 4515, 4534, 4551] 82504.0
3.1030008792877197 76752.0
5.385000467300415 73486.0
6.842002630233765 73290.0
23.063000440597534 72947.0
59.088000535964966 71903.0
237.84300088882446 70024.0
266.0519995689392 69739.0
369.07100081443787 69268.0
940.3339998722076 67940.0
2886.402001142502 67800.0
4549.308001756668 67238.0
5589.577999830246 66797.0
8351.051000118256 66793.0
9619.271000862122 66312.0
11178.388001203537 66180.0
12181.319999933243 65826.0
12366.658001184464 65729.0
14193.628000974655 64361.0
16137.674002170563 64222.0
22329.069001197815 63827.0
23085.568000793457 63776.0
23094.48200058937 62484.0
27365.158002614975 61975.0
27365.455001354218 61883.0
27688.177999973297 61846.0
Melhores parâmetros: rho1=0.20000000000000007, rho2=1.9444444444444444
Levou 28081.370000362396
Solução valida: True
({515, 523, 20, 534, 33, 3105, 2083, 548, 1072, 565, 2618, 3132, 1085, 2624, 1096, 1610, 2634, 85, 599, 1626, 607, 2677, 631, 1152, 2692, 645, 137, 654, 1167, 2702, 1169, 4250, 1691, 3746, 166, 2728, 684, 2733, 2741, 182, 3255, 3765, 1733, 2246, 199, 3273, 2763, 716, 1741, 207, 2775, 218, 1246, 2784, 737, 3810, 227, 4320, 230, 237, 2801, 3828, 759, 1784, 1273, 763, 1792, 2816, 1284, 263, 777, 1802, 3337, 2316, 2833, 276, 1815, 3356, 1310, 3875, 3367, 309, 826, 3390, 3393, 2883, 1868, 2893, 337, 4444, 3934, 863, 1377, 3427, 2405, 1895, 3432, 3944, 1389, 3950, 4461, 2418, 885, 2430, 895, 2943, 3456, 2439, 2446, 915, 2966, 937, 428, 2483, 4535, 1475, 966, 2000, 1499, 992, 2538, 501, 1014, 2549, 2555, 3068, 4093}, 61846.0)
