Semente: 2
Algoritmo construtivo: aleatorio
Encontrada solucao inicial...
[32, 62, 79, 114, 138, 140, 154, 166, 177, 180, 182, 217, 222, 227, 239, 256, 270, 285, 290, 293, 307, 368, 421, 485, 509, 527, 532, 598, 613, 643, 659, 678, 685, 692, 734, 846, 848, 893, 925, 946, 968, 1011, 1058, 1101, 1129, 1166, 1181, 1233, 1252, 1281, 1284, 1312, 1375, 1414, 1439, 1476, 1540, 1546, 1551, 1578, 1612, 1727, 1791, 1800, 1803, 1838, 1857, 1897, 1930, 1954, 1977, 2046, 2053, 2058, 2065, 2105, 2122, 2137, 2143, 2171, 2189, 2195, 2205, 2245, 2305, 2311, 2347, 2359, 2363, 2486, 2537, 2622, 2638, 2645, 2680, 2683, 2696, 2719, 2729, 2732, 2750, 2762, 2785, 2827, 2832, 2848, 2967, 2998, 3046, 3096, 3136, 3174, 3184, 3247, 3281, 3288, 3292, 3324, 3357, 3415, 3437, 3454, 3458, 3459, 3498, 3504, 3527, 3577, 3619, 3645, 3695, 3717, 3738, 3744, 3747, 3765, 3792, 3856, 3899, 3908, 3920, 3981, 3982, 3987, 4037, 4092, 4179, 4201, 4255, 4305, 4323, 4402, 4502, 4511] 82618.0
6.040558338165283 78009.0
8.822559118270874 75593.0
14.437559366226196 73249.0
27.445560455322266 69292.0
205.56156015396118 68061.0
3425.4745604991913 68045.0
6024.428559541702 66119.0
6073.252559185028 65759.0
9519.483560323715 65747.0
10451.607559919357 65545.0
16675.514568328857 65463.0
18363.584560871124 65393.0
18820.538560152054 64081.0
23291.630559921265 63609.0
24716.927559137344 62465.0
28035.876559734344 62309.0
Melhores parâmetros: rho1=0.20000000000000007, rho2=1.3111111111111113
Levou 28361.214559078217
Solução valida: True
({4097, 2563, 1542, 525, 533, 2588, 3105, 553, 2089, 558, 51, 1076, 1084, 2625, 70, 2631, 1096, 1610, 2124, 2643, 599, 93, 607, 1631, 3684, 3176, 3180, 1156, 133, 3716, 3718, 2697, 139, 651, 142, 1167, 2702, 1169, 2210, 166, 2728, 681, 1705, 2730, 2733, 2736, 181, 1722, 701, 3269, 2246, 2763, 2767, 2769, 211, 218, 730, 3809, 227, 228, 3823, 1264, 2804, 1277, 3331, 265, 777, 2827, 1293, 270, 2833, 3859, 1815, 3362, 3875, 3879, 296, 1322, 2348, 308, 3381, 2360, 1850, 2878, 3390, 3392, 838, 1865, 2890, 2893, 1363, 1366, 2396, 4444, 3934, 4445, 3426, 1380, 1900, 3440, 1404, 894, 900, 3460, 1929, 2441, 1437, 3494, 937, 939, 2488, 441, 1472, 1992, 3528, 3540, 983, 2522, 1499, 3041, 2538, 1008, 498, 2549, 1014, 4093, 2047}, 62309.0)
