Semente: 5
Algoritmo construtivo: aleatorio
Encontrada solucao inicial...
[119, 290, 407, 514, 632, 662, 1008, 1398, 1553, 1701, 2017, 2252, 2335, 2508, 2526, 2679, 2729, 2785, 2943, 3062, 3228, 3336, 3542, 3545, 3654, 3677, 3911, 4191, 4561, 4565, 4597, 4609, 4623, 4633, 4638, 4643, 4655, 4679, 4724, 4757, 4781, 4785, 4801, 4824, 4835, 4899] 22511.0
0.07499933242797852 15815.0
0.1380023956298828 14883.0
2.302509307861328 14881.0
2.519512176513672 14830.0
12.89122200012207 14827.0
18.62724733352661 14822.0
18.897246837615967 14776.0
34.41038179397583 14393.0
115.54160690307617 14371.0
153.12260699272156 14302.0
193.4426074028015 14276.0
251.70460748672485 14228.0
305.43160700798035 14223.0
311.44160866737366 14120.0
394.87460708618164 14074.0
395.3656084537506 14065.0
406.1306071281433 14022.0
Melhores parâmetros: rho1=0.3, rho2=1.3111111111111113
Levou 439.91760778427124
Solução valida: True
({3458, 388, 4869, 648, 4862, 1168, 4881, 4882, 4634, 4379, 4126, 4901, 2601, 4650, 4524, 2222, 4529, 4919, 4920, 4546, 4551, 4936, 846, 3150, 4558, 4696, 4570, 4965, 4839, 105, 1531, 1406}, 14022.0)
