Semente: 3
Algoritmo construtivo: F
Encontrada solucao inicial...
[84, 228, 268, 430, 1042, 1144, 1315, 1524, 1600, 1695, 1735, 1849, 1971, 2059, 2405, 2845, 3625, 3689, 3767, 3821, 4130, 4163, 4456, 4708, 4756, 4858, 5004, 5029, 5059, 5069, 5075, 5100, 5138, 5140, 5144, 5200, 5259, 5300, 5321, 5348, 5362] 20323.0
0.1549973487854004 15287.0
0.3659975528717041 15073.0
0.48299694061279297 15035.0
3.6929984092712402 14725.0
17.577998399734497 14633.0
74.12000179290771 14528.0
227.11116290092468 14478.0
229.160160779953 14446.0
250.86416006088257 14215.0
327.7411594390869 14062.0
329.27115988731384 14052.0
541.8341491222382 13974.0
Melhores parâmetros: rho1=0.4, rho2=1.3111111111111113
Levou 622.94051861763
Solução valida: True
({4994, 774, 5516, 5389, 5522, 2070, 5399, 5408, 5409, 176, 5427, 5301, 5050, 3653, 5448, 5449, 5323, 5071, 5075, 5459, 96, 4834, 5093, 5477, 5481, 5483, 5484, 4979, 116, 2805, 3573, 4988, 5503}, 13974.0)
