Semente: 3
Algoritmo construtivo: aleatorio
Encontrada solucao inicial...
[0, 11, 16, 34, 53, 87, 125, 194, 200, 202, 241, 248, 249, 252, 328, 344, 358, 374, 399, 487] 10422.0
0.12900185585021973 9820.0
1.8410015106201172 9724.0
30.85499906539917 9698.0
63.47200345993042 9627.0
65.94500064849854 9540.0
76.84599900245667 9258.0
77.12199878692627 9247.0
116.27800250053406 9196.0
123.70399928092957 9136.0
153.41799902915955 8782.0
241.1740026473999 8710.0
259.43700194358826 8685.0
310.23999881744385 8407.0
310.52499890327454 8360.0
374.9069995880127 8249.0
398.4965133666992 8245.0
438.42872285842896 8230.0
468.89832520484924 8213.0
Melhores parâmetros: rho1=0.3, rho2=1.7333333333333334
Levou 491.2989971637726
Solução valida: True
({1, 324, 345, 9, 329, 75, 203, 488, 208, 240, 242, 338, 54, 249, 250, 126}, 8213.0)
