Semente: 4
Algoritmo construtivo: F
Encontrada solucao inicial...
[0, 7, 20, 63, 94, 111, 119, 181, 207, 240, 247, 248, 249, 308, 313, 324, 346, 357, 363, 483] 10556.0
1.1160008907318115 10339.0
1.2459995746612549 8952.0
182.87637376785278 8875.0
225.2953703403473 8869.0
263.4703722000122 8811.0
275.8653709888458 8809.0
283.4843707084656 8600.0
346.7533714771271 8578.0
360.4643714427948 8344.0
400.6683700084686 8295.0
401.50537037849426 8292.0
402.4513716697693 8291.0
419.39237332344055 8201.0
470.01637148857117 8166.0
498.53637313842773 8142.0
Melhores parâmetros: rho1=0.20000000000000007, rho2=2.577777777777778
Levou 516.5333726406097
Solução valida: True
({1, 2, 323, 324, 345, 488, 75, 303, 208, 240, 146, 241, 338, 249, 250, 126}, 8142.0)
