Semente: 1
Algoritmo construtivo: F
Encontrada solucao inicial...
[40, 53, 75, 116, 128, 135, 141, 159, 167, 190, 205, 208, 241, 246, 254, 262, 290, 299, 302, 310, 408, 446, 497, 516, 530, 548, 581, 597, 598, 609, 629, 656, 675, 737, 752, 784, 851, 893, 912, 924, 946, 976, 1008, 1014, 1072, 1086, 1105, 1168, 1231, 1246, 1277, 1299, 1303, 1345, 1413, 1463, 1495, 1525, 1585, 1621, 1641, 1729, 1740, 1779, 1786, 1807, 1815, 1819, 1869, 1930, 1948, 1975, 1987, 1999, 2022, 2059, 2073, 2075, 2090, 2121, 2153, 2205, 2233, 2245, 2274, 2301, 2310, 2359, 2404, 2408, 2436, 2441, 2483, 2527, 2557, 2574, 2577, 2594, 2595, 2608, 2651, 2689, 2696, 2705, 2724, 2734, 2741, 2752, 2760, 2771, 2777, 2782, 2805, 2821, 2832, 2844, 2862, 2960, 2970, 3033, 3061, 3104, 3121, 3156, 3175, 3235, 3256, 3266, 3301, 3386, 3398, 3417, 3422, 3438, 3493, 3506, 3512, 3514, 3554, 3562, 3678, 3688, 3689, 3704, 3736, 3737, 3746, 3789, 3881, 3945, 4020, 4111, 4200, 4305, 4359, 4360, 4369, 4435, 4465, 4491, 4504, 4518, 4520, 4535, 4542] 86991.0
15.174230337142944 76084.0
26.93552565574646 75918.0
42.8218047618866 73702.0
72.00659441947937 73446.0
103.33339500427246 72741.0
149.6945834159851 72186.0
181.64709496498108 70017.0
209.83779287338257 69430.0
247.0404872894287 69352.0
435.99363923072815 66795.0
3603.0406346321106 66333.0
4114.104356050491 65801.0
6165.298965454102 65402.0
7090.775529623032 65204.0
7699.2893679142 65081.0
8239.576793670654 64479.0
8746.005500793457 63509.0
11084.056773424149 63423.0
11084.140767097473 63304.0
11859.07366490364 63079.0
12248.729012489319 62923.0
12416.691369771957 62831.0
12991.767733812332 62743.0
13226.499607086182 62722.0
13238.52501320839 62671.0
13242.423791408539 62257.0
13242.507697582245 62186.0
Melhores parâmetros: rho1=0.20000000000000007, rho2=1.5222222222222221
Levou 13431.499901533127
Solução valida: True
({2561, 4097, 2570, 525, 530, 33, 3105, 1574, 3111, 560, 1074, 1087, 2624, 2630, 2631, 75, 1100, 592, 599, 2650, 1628, 93, 607, 1127, 2663, 2666, 642, 3718, 136, 142, 1167, 1168, 659, 2716, 2726, 2728, 1705, 684, 2733, 2734, 2735, 179, 182, 3255, 1722, 191, 3265, 2760, 1228, 1741, 2770, 211, 1235, 1241, 2777, 737, 2785, 227, 230, 753, 2801, 1780, 2804, 759, 247, 763, 1276, 2814, 1791, 3328, 1284, 777, 1802, 1805, 4377, 283, 285, 1311, 3361, 306, 3388, 3393, 3907, 2885, 329, 1868, 2893, 852, 1365, 4439, 4444, 3423, 1377, 2405, 3432, 3944, 1900, 2412, 1396, 894, 3455, 3458, 1929, 2955, 1936, 915, 930, 1955, 939, 3501, 1456, 4018, 2484, 4536, 1481, 1484, 462, 2000, 2519, 986, 3552, 2538, 1004, 2541, 1014, 4092, 1535}, 62186.0)
