Semente: 4
Algoritmo construtivo: aleatorio
Encontrada solucao inicial...
[181, 487, 507, 774, 791, 1202, 1297, 1357, 1465, 1765, 1863, 1892, 1953, 2051, 2218, 2224, 2284, 2617, 2764, 3203, 3622, 3658, 3726, 3914, 3990, 4048, 4171, 4267, 4980, 5044, 5069, 5090, 5091, 5119, 5120, 5142, 5207, 5231, 5245, 5259, 5295, 5386, 5482] 20562.0
0.06500005722045898 15579.0
0.22299957275390625 14781.0
1.0380003452301025 14633.0
9.479002714157104 14607.0
37.317999601364136 14604.0
92.09499955177307 14528.0
123.97300004959106 14454.0
138.10399913787842 14440.0
138.9159996509552 14424.0
184.6549994945526 14332.0
217.55499958992004 14308.0
258.6220028400421 14167.0
302.4080002307892 13981.0
Melhores parâmetros: rho1=0.7000000000000001, rho2=1.3111111111111113
Levou 488.8009991645813
Solução valida: True
({1540, 5126, 5389, 5134, 5522, 5142, 5399, 5147, 5409, 2082, 424, 2993, 5426, 5427, 4024, 5050, 959, 5449, 5071, 5074, 5459, 5460, 5477, 2791, 2408, 5225, 5481, 5482, 5484, 4979, 5500, 4990, 5503}, 13981.0)
