Semente: 1
Algoritmo construtivo: aleatorio
Encontrada solucao inicial...
[0, 2, 59, 75, 127, 138, 200, 204, 222, 226, 247, 248, 249, 251, 252, 311, 323, 346, 349, 508] 10791.0
0.1249995231628418 10166.0
0.3209993839263916 9721.0
1.5750017166137695 9366.0
66.4619996547699 9245.0
93.31300401687622 9222.0
109.06699991226196 9189.0
166.5107228755951 9107.0
183.05458307266235 9083.0
188.0711214542389 8844.0
198.25432109832764 8751.0
319.10103058815 8636.0
384.6279423236847 8628.0
387.5079402923584 8354.0
431.8721148967743 8243.0
442.36123061180115 8225.0
444.9782304763794 8203.0
445.5073733329773 8167.0
470.8227696418762 8143.0
494.728866815567 8142.0
Melhores parâmetros: rho1=0.20000000000000007, rho2=1.1
Levou 498.8279254436493
Solução valida: True
({1, 2, 323, 324, 345, 488, 75, 303, 208, 240, 146, 241, 338, 249, 250, 126}, 8142.0)
