Semente: 3
Algoritmo construtivo: aleatorio
Encontrada solucao inicial...
[139, 447, 527, 1044, 1347, 1484, 1538, 1627, 1713, 1941, 2066, 2424, 2486, 2600, 2779, 2822, 3552, 3663, 3772, 4047, 4113, 4299, 4515, 4621, 4823, 4824, 4870, 4964, 4974, 5003, 5004, 5021, 5023, 5027, 5037, 5069, 5138, 5168, 5201, 5224, 5231, 5291, 5309, 5327, 5371, 5392] 21573.0
0.06800103187561035 15024.0
1.1809980869293213 14837.0
3.2569985389709473 14820.0
4.256000280380249 14633.0
57.50199866294861 14600.0
105.603999376297 14421.0
120.8720018863678 14374.0
140.09699845314026 14313.0
290.78621101379395 14178.0
304.3047208786011 14173.0
400.9488990306854 14168.0
421.0051429271698 14151.0
Melhores parâmetros: rho1=0.3, rho2=1.7333333333333334
Levou 466.72912406921387
Solução valida: True
({4994, 5001, 5389, 5521, 5399, 2587, 5148, 165, 5289, 555, 2095, 5426, 5427, 5050, 4031, 5448, 457, 5449, 5071, 5328, 5460, 2399, 5093, 5477, 3047, 5481, 2155, 2796, 5483, 5484, 4979, 4988, 5503}, 14151.0)
