Semente: 5
Algoritmo construtivo: F
Encontrada solucao inicial...
[69, 76, 83, 102, 155, 385, 642, 702, 883, 999, 1006, 1201, 1373, 1607, 1795, 1900, 1922, 2045, 2073, 2334, 2684, 3135, 3154, 3352, 3453, 3572, 3871, 3984, 4144, 4550, 4555, 4570, 4574, 4620, 4624, 4632, 4652, 4658, 4668, 4670, 4691, 4801] 20337.0
0.06199979782104492 15681.0
0.11799979209899902 15205.0
1.0190017223358154 15189.0
1.7739994525909424 15073.0
4.004004955291748 15049.0
5.452000856399536 15012.0
8.47700023651123 14848.0
13.009000062942505 14518.0
16.239999532699585 14507.0
76.52500104904175 14443.0
104.92600083351135 14435.0
116.6050033569336 14025.0
157.3120002746582 14019.0
158.39100193977356 13953.0
288.4530005455017 13896.0
288.5620002746582 13866.0
Melhores parâmetros: rho1=0.5, rho2=2.3666666666666667
Levou 389.95600032806396
Solução valida: True
({3968, 4869, 3981, 4881, 4882, 4633, 1954, 4643, 4133, 4901, 2220, 4526, 4654, 4533, 4919, 4920, 2754, 4551, 4936, 4937, 74, 4686, 2004, 3159, 88, 4696, 3296, 4839, 4969, 2548, 3578, 4862}, 13866.0)
