Semente: 4
Algoritmo construtivo: F
Encontrada solucao inicial...
[74, 293, 710, 812, 1154, 1688, 1722, 1803, 2081, 2219, 2222, 2412, 2483, 2544, 2574, 2763, 2938, 3010, 3056, 3176, 3215, 3455, 3669, 3800, 3900, 4191, 4196, 4542, 4558, 4612, 4617, 4624, 4631, 4650, 4659, 4665, 4670, 4682, 4694, 4710, 4823, 4914] 20522.0
0.08499932289123535 15649.0
0.15800023078918457 15496.0
0.2219994068145752 15350.0
0.503000020980835 15105.0
2.3630006313323975 14909.0
9.343005657196045 14780.0
31.199998140335083 14663.0
36.43001341819763 14505.0
99.52998471260071 14481.0
119.71098709106445 14468.0
128.33698987960815 14441.0
134.96698594093323 14419.0
171.16198539733887 14406.0
184.63098669052124 14392.0
192.76878142356873 14379.0
214.7997829914093 14336.0
247.00735998153687 13876.0
347.2723572254181 13764.0
Melhores parâmetros: rho1=0.5, rho2=2.577777777777778
Levou 457.5473575592041
Solução valida: True
({388, 646, 1161, 4862, 4881, 4882, 4629, 4634, 4900, 4901, 3371, 4654, 4529, 2227, 4790, 4919, 4920, 4551, 4936, 4937, 4686, 4695, 3166, 3296, 4452, 4964, 4966, 4839, 4969, 4984, 4220, 1150}, 13764.0)
