Semente: 5
Algoritmo construtivo: F
Encontrada solucao inicial...
[46, 80, 93, 99, 121, 133, 136, 141, 160, 174, 183, 216, 217, 245, 253, 264, 279, 284, 287, 298, 300, 310, 321, 376, 419, 449, 503, 507, 525, 530, 556, 578, 593, 601, 614, 643, 661, 676, 687, 734, 762, 825, 911, 933, 1014, 1032, 1061, 1069, 1075, 1087, 1093, 1126, 1165, 1181, 1215, 1228, 1234, 1245, 1278, 1291, 1337, 1344, 1407, 1471, 1498, 1499, 1541, 1605, 1614, 1644, 1724, 1742, 1801, 1819, 1899, 1905, 1930, 1949, 1999, 2025, 2055, 2065, 2086, 2117, 2129, 2135, 2141, 2233, 2266, 2277, 2404, 2413, 2445, 2467, 2479, 2544, 2583, 2605, 2625, 2752, 2755, 2759, 2769, 2775, 2807, 2832, 2869, 2870, 2883, 2937, 3092, 3111, 3264, 3271, 3288, 3354, 3355, 3367, 3376, 3383, 3389, 3398, 3441, 3461, 3486, 3494, 3513, 3530, 3556, 3570, 3686, 3695, 3705, 3742, 3746, 3753, 3758, 3770, 3788, 3802, 3893, 3942, 3956, 3988, 4019, 4094, 4106, 4118, 4132, 4218, 4307, 4351, 4357, 4367, 4373, 4399, 4437, 4465, 4482, 4497, 4498, 4508, 4515, 4530, 4566] 86833.0
2.14300274848938 72854.0
107.0790011882782 70268.0
938.574001789093 69035.0
1305.2130024433136 68206.0
3543.6220033168793 66598.0
6954.016002178192 66178.0
9085.705001115799 66167.0
9091.844002485275 65558.0
10952.00300359726 65404.0
12968.815001010895 64986.0
19723.413002490997 63951.0
22158.963001728058 63047.0
24424.831001996994 62905.0
25456.50600171089 62775.0
26436.175002098083 62723.0
26438.50800180435 62534.0
26581.435001850128 62073.0
26585.973002672195 61965.0
Melhores parâmetros: rho1=0.3, rho2=2.7888888888888888
Levou 28451.123000383377
Solução valida: True
({515, 1539, 2568, 525, 531, 4126, 33, 34, 550, 2598, 2089, 558, 2609, 1084, 3132, 2624, 2627, 1093, 70, 3661, 2129, 2646, 599, 93, 1629, 607, 2663, 3176, 1132, 3189, 637, 1154, 644, 133, 3718, 2697, 650, 142, 1167, 1169, 2195, 166, 2728, 685, 2735, 2741, 182, 3261, 193, 195, 2757, 1736, 2762, 3281, 1235, 2259, 2776, 218, 734, 3809, 227, 230, 2794, 1262, 1776, 2800, 754, 2803, 1273, 763, 2815, 1792, 3333, 263, 1802, 2833, 275, 2323, 1815, 4375, 3356, 3876, 296, 2346, 306, 2866, 823, 1850, 3389, 3392, 2883, 1862, 2892, 2893, 846, 1364, 2390, 4444, 4445, 3423, 1379, 362, 1900, 2416, 3440, 2420, 2428, 1406, 894, 3455, 915, 3994, 2975, 937, 1455, 2484, 967, 1482, 4063, 992, 483, 2538, 2552, 1530, 1020, 4093, 2047}, 61965.0)
