Semente: 1
Algoritmo construtivo: F
Encontrada solucao inicial...
[33, 44, 145, 310, 739, 895, 991, 1042, 1172, 1182, 1676, 1891, 1996, 2010, 2091, 2412, 2986, 3091, 3169, 3297, 3474, 3552, 3577, 3809, 4084, 4427, 4475, 4659, 4746, 4836, 5017, 5018, 5027, 5070, 5074, 5078, 5085, 5136, 5143, 5156, 5204, 5232, 5238, 5266, 5335] 21405.0
0.06600022315979004 15219.0
0.652003288269043 15098.0
1.2410004138946533 15094.0
3.9770004749298096 15017.0
6.199000120162964 14716.0
8.549288749694824 14633.0
173.25478219985962 14380.0
225.68235063552856 14356.0
309.19774103164673 14297.0
369.4144973754883 14239.0
429.82340359687805 14238.0
438.1618959903717 14196.0
595.6668949127197 14179.0
596.164895772934 13960.0
596.5388939380646 13936.0
Melhores parâmetros: rho1=0.5, rho2=1.3111111111111113
Levou 717.3465900421143
Solução valida: True
({5376, 1540, 5005, 5134, 5389, 5522, 5399, 5409, 423, 2088, 2993, 5427, 5050, 5448, 5449, 5071, 5075, 5459, 5460, 2779, 5093, 5349, 2791, 5477, 5481, 2410, 5482, 5483, 5484, 5230, 4979, 5500, 5503}, 13936.0)
