Semente: 4
Algoritmo construtivo: aleatorio
Encontrada solucao inicial...
[31, 56, 74, 93, 116, 140, 149, 150, 161, 162, 177, 179, 193, 229, 235, 287, 305, 442, 514, 531, 573, 580, 600, 605, 638, 646, 647, 676, 734, 735, 751, 758, 775, 841, 850, 896, 918, 969, 994, 1016, 1043, 1076, 1084, 1097, 1102, 1147, 1166, 1172, 1234, 1270, 1280, 1299, 1339, 1429, 1439, 1478, 1490, 1516, 1638, 1662, 1733, 1788, 1801, 1804, 1814, 1819, 1838, 1863, 1899, 1934, 2046, 2056, 2095, 2119, 2150, 2216, 2266, 2275, 2313, 2317, 2345, 2356, 2396, 2417, 2432, 2491, 2523, 2563, 2594, 2612, 2633, 2650, 2727, 2754, 2759, 2764, 2765, 2786, 2807, 2837, 2884, 2911, 2947, 2967, 2999, 3058, 3093, 3133, 3253, 3263, 3277, 3325, 3326, 3344, 3352, 3358, 3379, 3403, 3418, 3426, 3436, 3496, 3530, 3550, 3594, 3650, 3705, 3746, 3788, 3798, 3816, 3873, 3882, 3888, 3904, 3907, 3910, 3931, 3934, 3942, 4019, 4095, 4176, 4192, 4255, 4281, 4312, 4374, 4377, 4462, 4482, 4547, 4548] 82258.0
7.661999940872192 74821.0
9.220511198043823 70873.0
58.80507159233093 70718.0
59.8740713596344 70581.0
94.6890721321106 69535.0
243.69507098197937 69436.0
282.89807081222534 68916.0
584.842072725296 67447.0
5266.030072212219 67378.0
5720.676072597504 67296.0
6741.48906993866 66774.0
6816.769071102142 65777.0
10293.2600710392 65578.0
14158.29207277298 65402.0
15011.39707159996 64573.0
19094.38907122612 64411.0
21969.16807126999 64407.0
22003.85906982422 63857.0
22062.01207089424 63323.0
24437.211072206497 63271.0
26366.19407057762 63022.0
26950.34907102585 62590.0
27950.194070100784 62284.0
28153.6760699749 62114.0
28153.91107225418 61779.0
Melhores parâmetros: rho1=0.20000000000000007, rho2=2.155555555555556
Levou 28446.65407180786
Solução valida: True
({2561, 515, 2575, 1043, 533, 2077, 3106, 3107, 549, 3112, 51, 565, 1077, 2618, 3131, 1086, 1091, 1606, 2630, 1096, 78, 2639, 2130, 3154, 599, 2648, 94, 608, 3176, 2666, 647, 1160, 137, 140, 142, 1167, 2702, 152, 668, 2716, 4256, 1185, 166, 2728, 683, 1707, 2735, 2739, 182, 1721, 3257, 3267, 197, 1735, 2760, 2765, 1235, 3283, 213, 727, 2775, 218, 736, 228, 1262, 2799, 753, 2801, 2804, 759, 1785, 1789, 1280, 264, 2316, 781, 1296, 3857, 2326, 1815, 4374, 4377, 3361, 1323, 1836, 307, 2360, 3388, 4416, 837, 1870, 1366, 4439, 4444, 2397, 1379, 4452, 2405, 1896, 2409, 2924, 887, 1400, 2938, 2430, 4482, 1933, 915, 2975, 3494, 937, 4016, 2486, 442, 1475, 973, 1498, 2529, 3041, 2538, 1004, 3572, 1014, 503, 4093, 2047}, 61779.0)
