Semente: 5
Algoritmo construtivo: F
Encontrada solucao inicial...
[274, 322, 360, 506, 765, 821, 942, 1010, 1165, 1301, 2136, 2212, 2257, 2796, 2823, 3095, 3234, 3528, 3660, 3808, 3817, 3840, 4030, 4140, 4416, 4478, 4830, 5000, 5013, 5018, 5022, 5031, 5065, 5070, 5107, 5116, 5125, 5207, 5269, 5309, 5368, 5371] 20820.0
0.061998844146728516 15023.0
0.3559987545013428 14986.0
0.7650010585784912 14797.0
1.5290014743804932 14785.0
3.425999641418457 14633.0
93.05499744415283 14505.0
104.34500169754028 14439.0
116.2970016002655 14382.0
176.8289988040924 14334.0
182.25900411605835 14306.0
218.33500003814697 14305.0
223.22600078582764 14236.0
225.9349982738495 14181.0
259.1269986629486 14139.0
308.5669982433319 14080.0
342.35800075531006 14037.0
355.92499804496765 13990.0
357.02199816703796 13974.0
Melhores parâmetros: rho1=0.5, rho2=1.3111111111111113
Levou 455.3705520629883
Solução valida: True
({5131, 5389, 1166, 5522, 2070, 5399, 5408, 5409, 164, 2471, 2088, 5503, 5426, 5427, 5050, 5448, 5071, 5074, 5459, 5460, 5093, 5349, 5477, 5481, 5482, 5483, 5484, 2415, 4979, 5368, 1149, 4990, 1535}, 13974.0)
